<?xml version="1.0" encoding="UTF-8"?>
<!-- Generated by org.testng.reporters.JUnitXMLReporter -->
<testsuite hostname="Developer-205" name="Default test" tests="10" failures="0" timestamp="17 Jun 2016 02:00:48 GMT" time="377.635" errors="0">
  <testcase name="login_NANA" time="16.671" classname="com.rabbitnana.testcase.endtoendscenario.set3.Order_0023_WithPaymentInstallment"/>
  <testcase name="createLead_AssignToAgent" time="44.464" classname="com.rabbitnana.testcase.endtoendscenario.set3.Order_0023_WithPaymentInstallment"/>
  <testcase name="login_SaleAgent" time="35.193" classname="com.rabbitnana.testcase.endtoendscenario.set3.Order_0023_WithPaymentInstallment"/>
  <testcase name="searchSaleAgent_OrderID" time="4.797" classname="com.rabbitnana.testcase.endtoendscenario.set3.Order_0023_WithPaymentInstallment"/>
  <testcase name="fillSaleInfomation" time="97.468" classname="com.rabbitnana.testcase.endtoendscenario.set3.Order_0023_WithPaymentInstallment"/>
  <testcase name="readyToSubmit" time="82.28" classname="com.rabbitnana.testcase.endtoendscenario.set3.Order_0023_WithPaymentInstallment"/>
  <testcase name="insurerAccepted" time="33.543" classname="com.rabbitnana.testcase.endtoendscenario.set3.Order_0023_WithPaymentInstallment"/>
  <testcase name="shipmentProcess" time="16.763" classname="com.rabbitnana.testcase.endtoendscenario.set3.Order_0023_WithPaymentInstallment"/>
  <testcase name="closeOrder_Accounting" time="10.402" classname="com.rabbitnana.testcase.endtoendscenario.set3.Order_0023_WithPaymentInstallment"/>
  <testcase name="finalProcessForOrder" time="17.34" classname="com.rabbitnana.testcase.endtoendscenario.set3.Order_0023_WithPaymentInstallment"/>
</testsuite> <!-- Default test -->
