<?xml version="1.0" encoding="UTF-8"?>
<testng-results skipped="0" failed="0" total="0" passed="0">
  <reporter-output>
  </reporter-output>
  <suite name="Rabbit Rewards" duration-ms="54" started-at="2016-06-17T09:32:36Z" finished-at="2016-06-17T09:32:36Z">
    <groups>
    </groups>
    <test name="Update MyDetail" duration-ms="9" started-at="2016-06-17T09:32:36Z" finished-at="2016-06-17T09:32:36Z">
    </test> <!-- Update MyDetail -->
    <test name="Change password" duration-ms="0" started-at="2016-06-17T09:32:36Z" finished-at="2016-06-17T09:32:36Z">
    </test> <!-- Change password -->
    <test name="Add / Remove Rabbit Card" duration-ms="0" started-at="2016-06-17T09:32:36Z" finished-at="2016-06-17T09:32:36Z">
    </test> <!-- Add / Remove Rabbit Card -->
    <test name="Redeem" duration-ms="1" started-at="2016-06-17T09:32:36Z" finished-at="2016-06-17T09:32:36Z">
    </test> <!-- Redeem -->
  </suite> <!-- Rabbit Rewards -->
</testng-results>
