<?xml version="1.0" encoding="UTF-8"?>
<testng-results skipped="0" failed="0" total="4" passed="4">
  <reporter-output>
  </reporter-output>
  <suite name="Rabbit Rewards" duration-ms="90881" started-at="2016-05-27T08:32:54Z" finished-at="2016-05-27T08:34:25Z">
    <groups>
      <group name="CHANGE_PASSWORD">
        <method signature="Change_Password_001.changePassword()[pri:0, instance:com.rabbitrewards.testcase.changepassword.Change_Password_001@71423665]" name="changePassword" class="com.rabbitrewards.testcase.changepassword.Change_Password_001"/>
        <method signature="Change_Password_001.rewardsSignOut_1()[pri:0, instance:com.rabbitrewards.testcase.changepassword.Change_Password_001@71423665]" name="rewardsSignOut_1" class="com.rabbitrewards.testcase.changepassword.Change_Password_001"/>
        <method signature="Change_Password_001.rollBackChangePassword()[pri:0, instance:com.rabbitrewards.testcase.changepassword.Change_Password_001@71423665]" name="rollBackChangePassword" class="com.rabbitrewards.testcase.changepassword.Change_Password_001"/>
        <method signature="Change_Password_001.rewardsSignOut_2()[pri:0, instance:com.rabbitrewards.testcase.changepassword.Change_Password_001@71423665]" name="rewardsSignOut_2" class="com.rabbitrewards.testcase.changepassword.Change_Password_001"/>
      </group> <!-- CHANGE_PASSWORD -->
    </groups>
    <test name="Update MyDetail" duration-ms="7" started-at="2016-05-27T08:32:54Z" finished-at="2016-05-27T08:32:54Z">
    </test> <!-- Update MyDetail -->
    <test name="Change password" duration-ms="90828" started-at="2016-05-27T08:32:54Z" finished-at="2016-05-27T08:34:25Z">
      <class name="com.rabbitrewards.testcase.changepassword.Change_Password_001">
        <test-method status="PASS" signature="setUp()[pri:0, instance:com.rabbitrewards.testcase.changepassword.Change_Password_001@71423665]" name="setUp" is-config="true" duration-ms="6104" started-at="2016-05-27T15:32:54Z" finished-at="2016-05-27T15:33:00Z">
          <reporter-output>
          </reporter-output>
        </test-method> <!-- setUp -->
        <test-method status="PASS" signature="changePassword()[pri:0, instance:com.rabbitrewards.testcase.changepassword.Change_Password_001@71423665]" name="changePassword" duration-ms="41652" started-at="2016-05-27T15:33:00Z" finished-at="2016-05-27T15:33:41Z">
          <reporter-output>
          </reporter-output>
        </test-method> <!-- changePassword -->
        <test-method status="PASS" signature="rewardsSignOut_1()[pri:0, instance:com.rabbitrewards.testcase.changepassword.Change_Password_001@71423665]" name="rewardsSignOut_1" duration-ms="3871" started-at="2016-05-27T15:33:41Z" depends-on-methods="com.rabbitrewards.testcase.changepassword.Change_Password_001.changePassword" finished-at="2016-05-27T15:33:45Z">
          <reporter-output>
          </reporter-output>
        </test-method> <!-- rewardsSignOut_1 -->
        <test-method status="PASS" signature="rollBackChangePassword()[pri:0, instance:com.rabbitrewards.testcase.changepassword.Change_Password_001@71423665]" name="rollBackChangePassword" duration-ms="35364" started-at="2016-05-27T15:33:45Z" depends-on-methods="com.rabbitrewards.testcase.changepassword.Change_Password_001.rewardsSignOut_1" finished-at="2016-05-27T15:34:21Z">
          <reporter-output>
          </reporter-output>
        </test-method> <!-- rollBackChangePassword -->
        <test-method status="PASS" signature="rewardsSignOut_2()[pri:0, instance:com.rabbitrewards.testcase.changepassword.Change_Password_001@71423665]" name="rewardsSignOut_2" duration-ms="2725" started-at="2016-05-27T15:34:21Z" depends-on-methods="com.rabbitrewards.testcase.changepassword.Change_Password_001.rollBackChangePassword" finished-at="2016-05-27T15:34:23Z">
          <reporter-output>
          </reporter-output>
        </test-method> <!-- rewardsSignOut_2 -->
        <test-method status="PASS" signature="tearDown()[pri:0, instance:com.rabbitrewards.testcase.changepassword.Change_Password_001@71423665]" name="tearDown" is-config="true" duration-ms="1101" started-at="2016-05-27T15:34:23Z" finished-at="2016-05-27T15:34:25Z">
          <reporter-output>
          </reporter-output>
        </test-method> <!-- tearDown -->
      </class> <!-- com.rabbitrewards.testcase.changepassword.Change_Password_001 -->
    </test> <!-- Change password -->
    <test name="Add / Remove Rabbit Card" duration-ms="0" started-at="2016-05-27T08:34:25Z" finished-at="2016-05-27T08:34:25Z">
    </test> <!-- Add / Remove Rabbit Card -->
    <test name="Redeem" duration-ms="0" started-at="2016-05-27T08:34:25Z" finished-at="2016-05-27T08:34:25Z">
    </test> <!-- Redeem -->
  </suite> <!-- Rabbit Rewards -->
</testng-results>
