<?xml version="1.0" encoding="UTF-8"?>
<testng-results skipped="0" failed="0" total="0" passed="0">
  <reporter-output>
  </reporter-output>
  <suite name="Rabbit Internet" duration-ms="6" started-at="2016-05-27T08:32:51Z" finished-at="2016-05-27T08:32:51Z">
    <groups>
    </groups>
    <test name="Rabbit Car Insurance" duration-ms="6" started-at="2016-05-27T08:32:51Z" finished-at="2016-05-27T08:32:51Z">
    </test> <!-- Rabbit Car Insurance -->
  </suite> <!-- Rabbit Internet -->
</testng-results>
