<?xml version="1.0" encoding="UTF-8"?>
<!-- Generated by org.testng.reporters.JUnitXMLReporter -->
<testsuite hostname="Developer-205" name="Change password" tests="4" failures="0" timestamp="27 May 2016 08:34:25 GMT" time="90.828" errors="0">
  <testcase name="changePassword" time="41.652" classname="com.rabbitrewards.testcase.changepassword.Change_Password_001"/>
  <testcase name="rewardsSignOut_1" time="3.871" classname="com.rabbitrewards.testcase.changepassword.Change_Password_001"/>
  <testcase name="rollBackChangePassword" time="35.364" classname="com.rabbitrewards.testcase.changepassword.Change_Password_001"/>
  <testcase name="rewardsSignOut_2" time="2.725" classname="com.rabbitrewards.testcase.changepassword.Change_Password_001"/>
</testsuite> <!-- Change password -->
